<?xml version="1.0" encoding="UTF-8"?>
<!-- Generated by org.testng.reporters.JUnitReportReporter -->
<testsuite skipped="0" hostname="LAPTOP-SR7ABN20" name="WWTests" tests="4" failures="0" timestamp="17 Feb 2020 23:37:22 GMT" time="14.963" errors="0">
  <testcase name="verifyHomePageTitle" time="0.261" classname="WWTests"/>
  <testcase name="verifySearchTitle" time="4.256" classname="WWTests"/>
  <testcase name="verifySearch" time="9.630" classname="WWTests"/>
  <testcase name="verifySearchDetails" time="0.816" classname="WWTests"/>
</testsuite> <!-- WWTests -->
