<?xml version="1.0" encoding="UTF-8"?>
<!-- Generated by org.testng.reporters.JUnitReportReporter -->
<testsuite skipped="0" hostname="LAPTOP-SR7ABN20" name="wwtests.NewTest" tests="1" failures="0" timestamp="18 Feb 2020 00:09:43 GMT" time="0.047" errors="0">
  <testcase name="fileTest" time="0.047" classname="wwtests.NewTest"/>
</testsuite> <!-- wwtests.NewTest -->
