<?xml version="1.0" encoding="UTF-8"?>
<!-- Generated by org.testng.reporters.JUnitReportReporter -->
<testsuite skipped="0" hostname="LAPTOP-SR7ABN20" name="wwtests.WWTests" tests="4" failures="0" timestamp="18 Feb 2020 00:24:24 GMT" time="11.809" errors="0">
  <testcase name="verifyHomePageTitle" time="0.717" classname="wwtests.WWTests"/>
  <testcase name="verifySearchTitle" time="4.509" classname="wwtests.WWTests"/>
  <testcase name="verifySearch" time="5.660" classname="wwtests.WWTests"/>
  <testcase name="verifySearchDetails" time="0.923" classname="wwtests.WWTests"/>
</testsuite> <!-- wwtests.WWTests -->
